2016-07-01 15:40:14 Notice: Notice (8): Undefined offset: 1 in [/var/www/html/sites/peerkeyloan.com/app/Controller/ApplicationController.php, line 409]
Trace:
ApplicationController::getRequestId() - APP/Controller/ApplicationController.php, line 409
ApplicationController::beforeFilter() - APP/Controller/ApplicationController.php, line 35
call_user_func - [internal], line ??
CakeEventManager::dispatch() - CORE/Cake/Event/CakeEventManager.php, line 243
Controller::startupProcess() - CORE/Cake/Controller/Controller.php, line 676
Dispatcher::_invoke() - CORE/Cake/Routing/Dispatcher.php, line 189
Dispatcher::dispatch() - CORE/Cake/Routing/Dispatcher.php, line 167
[main] - APP/webroot/index.php, line 118

2016-07-01 21:24:44 Notice: Notice (8): Undefined offset: 1 in [/var/www/html/sites/peerkeyloan.com/app/Controller/ApplicationController.php, line 409]
Trace:
ApplicationController::getRequestId() - APP/Controller/ApplicationController.php, line 409
ApplicationController::beforeFilter() - APP/Controller/ApplicationController.php, line 35
call_user_func - [internal], line ??
CakeEventManager::dispatch() - CORE/Cake/Event/CakeEventManager.php, line 243
Controller::startupProcess() - CORE/Cake/Controller/Controller.php, line 676
Dispatcher::_invoke() - CORE/Cake/Routing/Dispatcher.php, line 189
Dispatcher::dispatch() - CORE/Cake/Routing/Dispatcher.php, line 167
[main] - APP/webroot/index.php, line 118

2016-07-01 23:09:29 Notice: Notice (8): Undefined offset: 1 in [/var/www/html/sites/peerkeyloan.com/app/Controller/ApplicationController.php, line 409]
Trace:
ApplicationController::getRequestId() - APP/Controller/ApplicationController.php, line 409
ApplicationController::beforeFilter() - APP/Controller/ApplicationController.php, line 35
call_user_func - [internal], line ??
CakeEventManager::dispatch() - CORE/Cake/Event/CakeEventManager.php, line 243
Controller::startupProcess() - CORE/Cake/Controller/Controller.php, line 676
Dispatcher::_invoke() - CORE/Cake/Routing/Dispatcher.php, line 189
Dispatcher::dispatch() - CORE/Cake/Routing/Dispatcher.php, line 167
[main] - APP/webroot/index.php, line 118

2016-07-01 23:59:04 Notice: Notice (8): Undefined variable: code in [/var/www/html/sites/peerkeyloan.com/app/Controller/ApplicationController.php, line 535]
Trace:
ApplicationController::verifyValidationCode() - APP/Controller/ApplicationController.php, line 535
ReflectionMethod::invokeArgs() - [internal], line ??
Controller::invokeAction() - CORE/Cake/Controller/Controller.php, line 490
Dispatcher::_invoke() - CORE/Cake/Routing/Dispatcher.php, line 193
Dispatcher::dispatch() - CORE/Cake/Routing/Dispatcher.php, line 167
[main] - APP/webroot/index.php, line 118

2016-07-01 23:59:30 Notice: Notice (8): Undefined variable: code in [/var/www/html/sites/peerkeyloan.com/app/Controller/ApplicationController.php, line 535]
Trace:
ApplicationController::verifyValidationCode() - APP/Controller/ApplicationController.php, line 535
ReflectionMethod::invokeArgs() - [internal], line ??
Controller::invokeAction() - CORE/Cake/Controller/Controller.php, line 490
Dispatcher::_invoke() - CORE/Cake/Routing/Dispatcher.php, line 193
Dispatcher::dispatch() - CORE/Cake/Routing/Dispatcher.php, line 167
[main] - APP/webroot/index.php, line 118

2016-07-02 00:31:58 Notice: Notice (8): Undefined variable: code in [/var/www/html/sites/peerkeyloan.com/app/Controller/ApplicationController.php, line 535]
Trace:
ApplicationController::verifyValidationCode() - APP/Controller/ApplicationController.php, line 535
ReflectionMethod::invokeArgs() - [internal], line ??
Controller::invokeAction() - CORE/Cake/Controller/Controller.php, line 490
Dispatcher::_invoke() - CORE/Cake/Routing/Dispatcher.php, line 193
Dispatcher::dispatch() - CORE/Cake/Routing/Dispatcher.php, line 167
[main] - APP/webroot/index.php, line 118

2016-07-02 00:32:14 Notice: Notice (8): Undefined variable: code in [/var/www/html/sites/peerkeyloan.com/app/Controller/ApplicationController.php, line 535]
Trace:
ApplicationController::verifyValidationCode() - APP/Controller/ApplicationController.php, line 535
ReflectionMethod::invokeArgs() - [internal], line ??
Controller::invokeAction() - CORE/Cake/Controller/Controller.php, line 490
Dispatcher::_invoke() - CORE/Cake/Routing/Dispatcher.php, line 193
Dispatcher::dispatch() - CORE/Cake/Routing/Dispatcher.php, line 167
[main] - APP/webroot/index.php, line 118

2016-07-02 00:32:19 Notice: Notice (8): Undefined variable: code in [/var/www/html/sites/peerkeyloan.com/app/Controller/ApplicationController.php, line 535]
Trace:
ApplicationController::verifyValidationCode() - APP/Controller/ApplicationController.php, line 535
ReflectionMethod::invokeArgs() - [internal], line ??
Controller::invokeAction() - CORE/Cake/Controller/Controller.php, line 490
Dispatcher::_invoke() - CORE/Cake/Routing/Dispatcher.php, line 193
Dispatcher::dispatch() - CORE/Cake/Routing/Dispatcher.php, line 167
[main] - APP/webroot/index.php, line 118

2016-07-02 01:27:04 Notice: Notice (8): Undefined offset: 1 in [/var/www/html/sites/peerkeyloan.com/app/Controller/ApplicationController.php, line 409]
Trace:
ApplicationController::getRequestId() - APP/Controller/ApplicationController.php, line 409
ApplicationController::beforeFilter() - APP/Controller/ApplicationController.php, line 35
call_user_func - [internal], line ??
CakeEventManager::dispatch() - CORE/Cake/Event/CakeEventManager.php, line 243
Controller::startupProcess() - CORE/Cake/Controller/Controller.php, line 676
Dispatcher::_invoke() - CORE/Cake/Routing/Dispatcher.php, line 189
Dispatcher::dispatch() - CORE/Cake/Routing/Dispatcher.php, line 167
[main] - APP/webroot/index.php, line 118

2016-07-02 01:28:16 Notice: Notice (8): Undefined variable: code in [/var/www/html/sites/peerkeyloan.com/app/Controller/ApplicationController.php, line 535]
Trace:
ApplicationController::verifyValidationCode() - APP/Controller/ApplicationController.php, line 535
ReflectionMethod::invokeArgs() - [internal], line ??
Controller::invokeAction() - CORE/Cake/Controller/Controller.php, line 490
Dispatcher::_invoke() - CORE/Cake/Routing/Dispatcher.php, line 193
Dispatcher::dispatch() - CORE/Cake/Routing/Dispatcher.php, line 167
[main] - APP/webroot/index.php, line 118

2016-07-02 01:30:41 Notice: Notice (8): Undefined variable: code in [/var/www/html/sites/peerkeyloan.com/app/Controller/ApplicationController.php, line 535]
Trace:
ApplicationController::verifyValidationCode() - APP/Controller/ApplicationController.php, line 535
ReflectionMethod::invokeArgs() - [internal], line ??
Controller::invokeAction() - CORE/Cake/Controller/Controller.php, line 490
Dispatcher::_invoke() - CORE/Cake/Routing/Dispatcher.php, line 193
Dispatcher::dispatch() - CORE/Cake/Routing/Dispatcher.php, line 167
[main] - APP/webroot/index.php, line 118

2016-07-02 01:31:18 Notice: Notice (8): Undefined variable: code in [/var/www/html/sites/peerkeyloan.com/app/Controller/ApplicationController.php, line 535]
Trace:
ApplicationController::verifyValidationCode() - APP/Controller/ApplicationController.php, line 535
ReflectionMethod::invokeArgs() - [internal], line ??
Controller::invokeAction() - CORE/Cake/Controller/Controller.php, line 490
Dispatcher::_invoke() - CORE/Cake/Routing/Dispatcher.php, line 193
Dispatcher::dispatch() - CORE/Cake/Routing/Dispatcher.php, line 167
[main] - APP/webroot/index.php, line 118

2016-07-02 01:31:22 Notice: Notice (8): Undefined variable: code in [/var/www/html/sites/peerkeyloan.com/app/Controller/ApplicationController.php, line 535]
Trace:
ApplicationController::verifyValidationCode() - APP/Controller/ApplicationController.php, line 535
ReflectionMethod::invokeArgs() - [internal], line ??
Controller::invokeAction() - CORE/Cake/Controller/Controller.php, line 490
Dispatcher::_invoke() - CORE/Cake/Routing/Dispatcher.php, line 193
Dispatcher::dispatch() - CORE/Cake/Routing/Dispatcher.php, line 167
[main] - APP/webroot/index.php, line 118

2016-07-05 10:10:07 Notice: Notice (8): Undefined offset: 1 in [/var/www/html/sites/peerkeyloan.com/app/Controller/ApplicationController.php, line 409]
Trace:
ApplicationController::getRequestId() - APP/Controller/ApplicationController.php, line 409
ApplicationController::beforeFilter() - APP/Controller/ApplicationController.php, line 35
call_user_func - [internal], line ??
CakeEventManager::dispatch() - CORE/Cake/Event/CakeEventManager.php, line 243
Controller::startupProcess() - CORE/Cake/Controller/Controller.php, line 676
Dispatcher::_invoke() - CORE/Cake/Routing/Dispatcher.php, line 189
Dispatcher::dispatch() - CORE/Cake/Routing/Dispatcher.php, line 167
[main] - APP/webroot/index.php, line 118

2016-07-05 10:13:18 Notice: Notice (8): Undefined variable: code in [/var/www/html/sites/peerkeyloan.com/app/Controller/ApplicationController.php, line 528]
Trace:
ApplicationController::verifyValidationCode() - APP/Controller/ApplicationController.php, line 528
ReflectionMethod::invokeArgs() - [internal], line ??
Controller::invokeAction() - CORE/Cake/Controller/Controller.php, line 490
Dispatcher::_invoke() - CORE/Cake/Routing/Dispatcher.php, line 193
Dispatcher::dispatch() - CORE/Cake/Routing/Dispatcher.php, line 167
[main] - APP/webroot/index.php, line 118

2016-07-05 10:34:14 Notice: Notice (8): Undefined variable: code in [/var/www/html/sites/peerkeyloan.com/app/Controller/ApplicationController.php, line 528]
Trace:
ApplicationController::verifyValidationCode() - APP/Controller/ApplicationController.php, line 528
ReflectionMethod::invokeArgs() - [internal], line ??
Controller::invokeAction() - CORE/Cake/Controller/Controller.php, line 490
Dispatcher::_invoke() - CORE/Cake/Routing/Dispatcher.php, line 193
Dispatcher::dispatch() - CORE/Cake/Routing/Dispatcher.php, line 167
[main] - APP/webroot/index.php, line 118

2016-07-05 11:07:29 Notice: Notice (8): Undefined offset: 1 in [/var/www/html/sites/peerkeyloan.com/app/Controller/ApplicationController.php, line 409]
Trace:
ApplicationController::getRequestId() - APP/Controller/ApplicationController.php, line 409
ApplicationController::beforeFilter() - APP/Controller/ApplicationController.php, line 35
call_user_func - [internal], line ??
CakeEventManager::dispatch() - CORE/Cake/Event/CakeEventManager.php, line 243
Controller::startupProcess() - CORE/Cake/Controller/Controller.php, line 676
Dispatcher::_invoke() - CORE/Cake/Routing/Dispatcher.php, line 189
Dispatcher::dispatch() - CORE/Cake/Routing/Dispatcher.php, line 167
[main] - APP/webroot/index.php, line 118

2016-07-05 11:08:31 Notice: Notice (8): Undefined variable: code in [/var/www/html/sites/peerkeyloan.com/app/Controller/ApplicationController.php, line 528]
Trace:
ApplicationController::verifyValidationCode() - APP/Controller/ApplicationController.php, line 528
ReflectionMethod::invokeArgs() - [internal], line ??
Controller::invokeAction() - CORE/Cake/Controller/Controller.php, line 490
Dispatcher::_invoke() - CORE/Cake/Routing/Dispatcher.php, line 193
Dispatcher::dispatch() - CORE/Cake/Routing/Dispatcher.php, line 167
[main] - APP/webroot/index.php, line 118

2016-07-06 11:06:52 Notice: Notice (8): Undefined offset: 1 in [/var/www/html/sites/peerkeyloan.com/app/Controller/ApplicationController.php, line 409]
Trace:
ApplicationController::getRequestId() - APP/Controller/ApplicationController.php, line 409
ApplicationController::beforeFilter() - APP/Controller/ApplicationController.php, line 35
call_user_func - [internal], line ??
CakeEventManager::dispatch() - CORE/Cake/Event/CakeEventManager.php, line 243
Controller::startupProcess() - CORE/Cake/Controller/Controller.php, line 676
Dispatcher::_invoke() - CORE/Cake/Routing/Dispatcher.php, line 189
Dispatcher::dispatch() - CORE/Cake/Routing/Dispatcher.php, line 167
[main] - APP/webroot/index.php, line 118

2016-07-06 17:35:58 Notice: Notice (8): Undefined offset: 1 in [/var/www/html/sites/peerkeyloan.com/app/Controller/ApplicationController.php, line 409]
Trace:
ApplicationController::getRequestId() - APP/Controller/ApplicationController.php, line 409
ApplicationController::beforeFilter() - APP/Controller/ApplicationController.php, line 35
call_user_func - [internal], line ??
CakeEventManager::dispatch() - CORE/Cake/Event/CakeEventManager.php, line 243
Controller::startupProcess() - CORE/Cake/Controller/Controller.php, line 676
Dispatcher::_invoke() - CORE/Cake/Routing/Dispatcher.php, line 189
Dispatcher::dispatch() - CORE/Cake/Routing/Dispatcher.php, line 167
[main] - APP/webroot/index.php, line 118

2016-07-06 17:38:30 Notice: Notice (8): Undefined variable: code in [/var/www/html/sites/peerkeyloan.com/app/Controller/ApplicationController.php, line 528]
Trace:
ApplicationController::verifyValidationCode() - APP/Controller/ApplicationController.php, line 528
ReflectionMethod::invokeArgs() - [internal], line ??
Controller::invokeAction() - CORE/Cake/Controller/Controller.php, line 490
Dispatcher::_invoke() - CORE/Cake/Routing/Dispatcher.php, line 193
Dispatcher::dispatch() - CORE/Cake/Routing/Dispatcher.php, line 167
[main] - APP/webroot/index.php, line 118

2016-07-06 17:39:13 Notice: Notice (8): Undefined variable: code in [/var/www/html/sites/peerkeyloan.com/app/Controller/ApplicationController.php, line 528]
Trace:
ApplicationController::verifyValidationCode() - APP/Controller/ApplicationController.php, line 528
ReflectionMethod::invokeArgs() - [internal], line ??
Controller::invokeAction() - CORE/Cake/Controller/Controller.php, line 490
Dispatcher::_invoke() - CORE/Cake/Routing/Dispatcher.php, line 193
Dispatcher::dispatch() - CORE/Cake/Routing/Dispatcher.php, line 167
[main] - APP/webroot/index.php, line 118

2016-07-07 11:52:38 Notice: Notice (8): Undefined offset: 1 in [/var/www/html/sites/peerkeyloan.com/app/Controller/ApplicationController.php, line 409]
Trace:
ApplicationController::getRequestId() - APP/Controller/ApplicationController.php, line 409
ApplicationController::beforeFilter() - APP/Controller/ApplicationController.php, line 35
call_user_func - [internal], line ??
CakeEventManager::dispatch() - CORE/Cake/Event/CakeEventManager.php, line 243
Controller::startupProcess() - CORE/Cake/Controller/Controller.php, line 676
Dispatcher::_invoke() - CORE/Cake/Routing/Dispatcher.php, line 189
Dispatcher::dispatch() - CORE/Cake/Routing/Dispatcher.php, line 167
[main] - APP/webroot/index.php, line 118

2016-07-07 12:01:47 Notice: Notice (8): Undefined offset: 1 in [/var/www/html/sites/peerkeyloan.com/app/Controller/ApplicationController.php, line 409]
Trace:
ApplicationController::getRequestId() - APP/Controller/ApplicationController.php, line 409
ApplicationController::beforeFilter() - APP/Controller/ApplicationController.php, line 35
call_user_func - [internal], line ??
CakeEventManager::dispatch() - CORE/Cake/Event/CakeEventManager.php, line 243
Controller::startupProcess() - CORE/Cake/Controller/Controller.php, line 676
Dispatcher::_invoke() - CORE/Cake/Routing/Dispatcher.php, line 189
Dispatcher::dispatch() - CORE/Cake/Routing/Dispatcher.php, line 167
[main] - APP/webroot/index.php, line 118

2016-07-07 12:11:08 Notice: Notice (8): Undefined offset: 1 in [/var/www/html/sites/peerkeyloan.com/app/Controller/ApplicationController.php, line 409]
Trace:
ApplicationController::getRequestId() - APP/Controller/ApplicationController.php, line 409
ApplicationController::beforeFilter() - APP/Controller/ApplicationController.php, line 35
call_user_func - [internal], line ??
CakeEventManager::dispatch() - CORE/Cake/Event/CakeEventManager.php, line 243
Controller::startupProcess() - CORE/Cake/Controller/Controller.php, line 676
Dispatcher::_invoke() - CORE/Cake/Routing/Dispatcher.php, line 189
Dispatcher::dispatch() - CORE/Cake/Routing/Dispatcher.php, line 167
[main] - APP/webroot/index.php, line 118

2016-07-07 12:25:25 Notice: Notice (8): Undefined offset: 1 in [/var/www/html/sites/peerkeyloan.com/app/Controller/ApplicationController.php, line 409]
Trace:
ApplicationController::getRequestId() - APP/Controller/ApplicationController.php, line 409
ApplicationController::beforeFilter() - APP/Controller/ApplicationController.php, line 35
call_user_func - [internal], line ??
CakeEventManager::dispatch() - CORE/Cake/Event/CakeEventManager.php, line 243
Controller::startupProcess() - CORE/Cake/Controller/Controller.php, line 676
Dispatcher::_invoke() - CORE/Cake/Routing/Dispatcher.php, line 189
Dispatcher::dispatch() - CORE/Cake/Routing/Dispatcher.php, line 167
[main] - APP/webroot/index.php, line 118

2016-07-11 12:24:13 Notice: Notice (8): Undefined offset: 1 in [/var/www/html/sites/peerkeyloan.com/app/Controller/ApplicationController.php, line 409]
Trace:
ApplicationController::getRequestId() - APP/Controller/ApplicationController.php, line 409
ApplicationController::beforeFilter() - APP/Controller/ApplicationController.php, line 35
call_user_func - [internal], line ??
CakeEventManager::dispatch() - CORE/Cake/Event/CakeEventManager.php, line 243
Controller::startupProcess() - CORE/Cake/Controller/Controller.php, line 676
Dispatcher::_invoke() - CORE/Cake/Routing/Dispatcher.php, line 189
Dispatcher::dispatch() - CORE/Cake/Routing/Dispatcher.php, line 167
[main] - APP/webroot/index.php, line 118

2016-08-05 10:45:20 Notice: Notice (8): Undefined offset: 1 in [/var/www/html/sites/peerkeyloan.com/app/Controller/ApplicationController.php, line 458]
Trace:
ApplicationController::getRequestId() - APP/Controller/ApplicationController.php, line 458
ApplicationController::beforeFilter() - APP/Controller/ApplicationController.php, line 45
call_user_func - [internal], line ??
CakeEventManager::dispatch() - CORE/Cake/Event/CakeEventManager.php, line 243
Controller::startupProcess() - CORE/Cake/Controller/Controller.php, line 676
Dispatcher::_invoke() - CORE/Cake/Routing/Dispatcher.php, line 189
Dispatcher::dispatch() - CORE/Cake/Routing/Dispatcher.php, line 167
[main] - APP/webroot/index.php, line 118

2016-08-05 10:51:57 Notice: Notice (8): Undefined offset: 1 in [/var/www/html/sites/peerkeyloan.com/app/Controller/ApplicationController.php, line 458]
Trace:
ApplicationController::getRequestId() - APP/Controller/ApplicationController.php, line 458
ApplicationController::beforeFilter() - APP/Controller/ApplicationController.php, line 45
call_user_func - [internal], line ??
CakeEventManager::dispatch() - CORE/Cake/Event/CakeEventManager.php, line 243
Controller::startupProcess() - CORE/Cake/Controller/Controller.php, line 676
Dispatcher::_invoke() - CORE/Cake/Routing/Dispatcher.php, line 189
Dispatcher::dispatch() - CORE/Cake/Routing/Dispatcher.php, line 167
[main] - APP/webroot/index.php, line 118

2016-08-05 10:52:00 Notice: Notice (8): Undefined offset: 1 in [/var/www/html/sites/peerkeyloan.com/app/Controller/ApplicationController.php, line 458]
Trace:
ApplicationController::getRequestId() - APP/Controller/ApplicationController.php, line 458
ApplicationController::beforeFilter() - APP/Controller/ApplicationController.php, line 45
call_user_func - [internal], line ??
CakeEventManager::dispatch() - CORE/Cake/Event/CakeEventManager.php, line 243
Controller::startupProcess() - CORE/Cake/Controller/Controller.php, line 676
Dispatcher::_invoke() - CORE/Cake/Routing/Dispatcher.php, line 189
Dispatcher::dispatch() - CORE/Cake/Routing/Dispatcher.php, line 167
[main] - APP/webroot/index.php, line 118

2016-08-05 10:52:01 Notice: Notice (8): Undefined offset: 1 in [/var/www/html/sites/peerkeyloan.com/app/Controller/ApplicationController.php, line 458]
Trace:
ApplicationController::getRequestId() - APP/Controller/ApplicationController.php, line 458
ApplicationController::beforeFilter() - APP/Controller/ApplicationController.php, line 45
call_user_func - [internal], line ??
CakeEventManager::dispatch() - CORE/Cake/Event/CakeEventManager.php, line 243
Controller::startupProcess() - CORE/Cake/Controller/Controller.php, line 676
Dispatcher::_invoke() - CORE/Cake/Routing/Dispatcher.php, line 189
Dispatcher::dispatch() - CORE/Cake/Routing/Dispatcher.php, line 167
[main] - APP/webroot/index.php, line 118

2016-08-05 10:53:52 Notice: Notice (8): Undefined offset: 1 in [/var/www/html/sites/peerkeyloan.com/app/Controller/ApplicationController.php, line 460]
Trace:
ApplicationController::getRequestId() - APP/Controller/ApplicationController.php, line 460
ApplicationController::beforeFilter() - APP/Controller/ApplicationController.php, line 47
call_user_func - [internal], line ??
CakeEventManager::dispatch() - CORE/Cake/Event/CakeEventManager.php, line 243
Controller::startupProcess() - CORE/Cake/Controller/Controller.php, line 676
Dispatcher::_invoke() - CORE/Cake/Routing/Dispatcher.php, line 189
Dispatcher::dispatch() - CORE/Cake/Routing/Dispatcher.php, line 167
[main] - APP/webroot/index.php, line 118

2016-08-05 10:53:54 Notice: Notice (8): Undefined offset: 1 in [/var/www/html/sites/peerkeyloan.com/app/Controller/ApplicationController.php, line 460]
Trace:
ApplicationController::getRequestId() - APP/Controller/ApplicationController.php, line 460
ApplicationController::beforeFilter() - APP/Controller/ApplicationController.php, line 47
call_user_func - [internal], line ??
CakeEventManager::dispatch() - CORE/Cake/Event/CakeEventManager.php, line 243
Controller::startupProcess() - CORE/Cake/Controller/Controller.php, line 676
Dispatcher::_invoke() - CORE/Cake/Routing/Dispatcher.php, line 189
Dispatcher::dispatch() - CORE/Cake/Routing/Dispatcher.php, line 167
[main] - APP/webroot/index.php, line 118

2016-08-05 10:53:54 Notice: Notice (8): Undefined offset: 1 in [/var/www/html/sites/peerkeyloan.com/app/Controller/ApplicationController.php, line 460]
Trace:
ApplicationController::getRequestId() - APP/Controller/ApplicationController.php, line 460
ApplicationController::beforeFilter() - APP/Controller/ApplicationController.php, line 47
call_user_func - [internal], line ??
CakeEventManager::dispatch() - CORE/Cake/Event/CakeEventManager.php, line 243
Controller::startupProcess() - CORE/Cake/Controller/Controller.php, line 676
Dispatcher::_invoke() - CORE/Cake/Routing/Dispatcher.php, line 189
Dispatcher::dispatch() - CORE/Cake/Routing/Dispatcher.php, line 167
[main] - APP/webroot/index.php, line 118

2016-08-05 10:55:13 Notice: Notice (8): Undefined offset: 1 in [/var/www/html/sites/peerkeyloan.com/app/Controller/ApplicationController.php, line 460]
Trace:
ApplicationController::getRequestId() - APP/Controller/ApplicationController.php, line 460
ApplicationController::beforeFilter() - APP/Controller/ApplicationController.php, line 47
call_user_func - [internal], line ??
CakeEventManager::dispatch() - CORE/Cake/Event/CakeEventManager.php, line 243
Controller::startupProcess() - CORE/Cake/Controller/Controller.php, line 676
Dispatcher::_invoke() - CORE/Cake/Routing/Dispatcher.php, line 189
Dispatcher::dispatch() - CORE/Cake/Routing/Dispatcher.php, line 167
[main] - APP/webroot/index.php, line 118

2016-08-05 10:55:15 Notice: Notice (8): Undefined offset: 1 in [/var/www/html/sites/peerkeyloan.com/app/Controller/ApplicationController.php, line 460]
Trace:
ApplicationController::getRequestId() - APP/Controller/ApplicationController.php, line 460
ApplicationController::beforeFilter() - APP/Controller/ApplicationController.php, line 47
call_user_func - [internal], line ??
CakeEventManager::dispatch() - CORE/Cake/Event/CakeEventManager.php, line 243
Controller::startupProcess() - CORE/Cake/Controller/Controller.php, line 676
Dispatcher::_invoke() - CORE/Cake/Routing/Dispatcher.php, line 189
Dispatcher::dispatch() - CORE/Cake/Routing/Dispatcher.php, line 167
[main] - APP/webroot/index.php, line 118

2016-08-05 10:55:16 Notice: Notice (8): Undefined offset: 1 in [/var/www/html/sites/peerkeyloan.com/app/Controller/ApplicationController.php, line 460]
Trace:
ApplicationController::getRequestId() - APP/Controller/ApplicationController.php, line 460
ApplicationController::beforeFilter() - APP/Controller/ApplicationController.php, line 47
call_user_func - [internal], line ??
CakeEventManager::dispatch() - CORE/Cake/Event/CakeEventManager.php, line 243
Controller::startupProcess() - CORE/Cake/Controller/Controller.php, line 676
Dispatcher::_invoke() - CORE/Cake/Routing/Dispatcher.php, line 189
Dispatcher::dispatch() - CORE/Cake/Routing/Dispatcher.php, line 167
[main] - APP/webroot/index.php, line 118

2016-08-10 11:32:03 Notice: Notice (8): Undefined offset: 1 in [/var/www/html/sites/peerkeyloan.com/app/Controller/ApplicationController.php, line 460]
Trace:
ApplicationController::getRequestId() - APP/Controller/ApplicationController.php, line 460
ApplicationController::beforeFilter() - APP/Controller/ApplicationController.php, line 47
call_user_func - [internal], line ??
CakeEventManager::dispatch() - CORE/Cake/Event/CakeEventManager.php, line 243
Controller::startupProcess() - CORE/Cake/Controller/Controller.php, line 676
Dispatcher::_invoke() - CORE/Cake/Routing/Dispatcher.php, line 189
Dispatcher::dispatch() - CORE/Cake/Routing/Dispatcher.php, line 167
[main] - APP/webroot/index.php, line 118

2016-08-10 11:32:05 Notice: Notice (8): Undefined offset: 1 in [/var/www/html/sites/peerkeyloan.com/app/Controller/ApplicationController.php, line 460]
Trace:
ApplicationController::getRequestId() - APP/Controller/ApplicationController.php, line 460
ApplicationController::beforeFilter() - APP/Controller/ApplicationController.php, line 47
call_user_func - [internal], line ??
CakeEventManager::dispatch() - CORE/Cake/Event/CakeEventManager.php, line 243
Controller::startupProcess() - CORE/Cake/Controller/Controller.php, line 676
Dispatcher::_invoke() - CORE/Cake/Routing/Dispatcher.php, line 189
Dispatcher::dispatch() - CORE/Cake/Routing/Dispatcher.php, line 167
[main] - APP/webroot/index.php, line 118

2016-08-10 11:32:06 Notice: Notice (8): Undefined offset: 1 in [/var/www/html/sites/peerkeyloan.com/app/Controller/ApplicationController.php, line 460]
Trace:
ApplicationController::getRequestId() - APP/Controller/ApplicationController.php, line 460
ApplicationController::beforeFilter() - APP/Controller/ApplicationController.php, line 47
call_user_func - [internal], line ??
CakeEventManager::dispatch() - CORE/Cake/Event/CakeEventManager.php, line 243
Controller::startupProcess() - CORE/Cake/Controller/Controller.php, line 676
Dispatcher::_invoke() - CORE/Cake/Routing/Dispatcher.php, line 189
Dispatcher::dispatch() - CORE/Cake/Routing/Dispatcher.php, line 167
[main] - APP/webroot/index.php, line 118

2016-08-10 11:32:19 Notice: Notice (8): Undefined offset: 1 in [/var/www/html/sites/peerkeyloan.com/app/Controller/ApplicationController.php, line 460]
Trace:
ApplicationController::getRequestId() - APP/Controller/ApplicationController.php, line 460
ApplicationController::beforeFilter() - APP/Controller/ApplicationController.php, line 47
call_user_func - [internal], line ??
CakeEventManager::dispatch() - CORE/Cake/Event/CakeEventManager.php, line 243
Controller::startupProcess() - CORE/Cake/Controller/Controller.php, line 676
Dispatcher::_invoke() - CORE/Cake/Routing/Dispatcher.php, line 189
Dispatcher::dispatch() - CORE/Cake/Routing/Dispatcher.php, line 167
[main] - APP/webroot/index.php, line 118

2016-08-10 11:36:30 Notice: Notice (8): Undefined offset: 1 in [/var/www/html/sites/peerkeyloan.com/app/Controller/ApplicationController.php, line 460]
Trace:
ApplicationController::getRequestId() - APP/Controller/ApplicationController.php, line 460
ApplicationController::beforeFilter() - APP/Controller/ApplicationController.php, line 47
call_user_func - [internal], line ??
CakeEventManager::dispatch() - CORE/Cake/Event/CakeEventManager.php, line 243
Controller::startupProcess() - CORE/Cake/Controller/Controller.php, line 676
Dispatcher::_invoke() - CORE/Cake/Routing/Dispatcher.php, line 189
Dispatcher::dispatch() - CORE/Cake/Routing/Dispatcher.php, line 167
[main] - APP/webroot/index.php, line 118

2016-08-10 11:36:32 Notice: Notice (8): Undefined offset: 1 in [/var/www/html/sites/peerkeyloan.com/app/Controller/ApplicationController.php, line 460]
Trace:
ApplicationController::getRequestId() - APP/Controller/ApplicationController.php, line 460
ApplicationController::beforeFilter() - APP/Controller/ApplicationController.php, line 47
call_user_func - [internal], line ??
CakeEventManager::dispatch() - CORE/Cake/Event/CakeEventManager.php, line 243
Controller::startupProcess() - CORE/Cake/Controller/Controller.php, line 676
Dispatcher::_invoke() - CORE/Cake/Routing/Dispatcher.php, line 189
Dispatcher::dispatch() - CORE/Cake/Routing/Dispatcher.php, line 167
[main] - APP/webroot/index.php, line 118

2016-08-10 11:36:33 Notice: Notice (8): Undefined offset: 1 in [/var/www/html/sites/peerkeyloan.com/app/Controller/ApplicationController.php, line 460]
Trace:
ApplicationController::getRequestId() - APP/Controller/ApplicationController.php, line 460
ApplicationController::beforeFilter() - APP/Controller/ApplicationController.php, line 47
call_user_func - [internal], line ??
CakeEventManager::dispatch() - CORE/Cake/Event/CakeEventManager.php, line 243
Controller::startupProcess() - CORE/Cake/Controller/Controller.php, line 676
Dispatcher::_invoke() - CORE/Cake/Routing/Dispatcher.php, line 189
Dispatcher::dispatch() - CORE/Cake/Routing/Dispatcher.php, line 167
[main] - APP/webroot/index.php, line 118

2016-08-10 12:23:56 Notice: Notice (8): Undefined offset: 1 in [/var/www/html/sites/peerkeyloan.com/app/Controller/ApplicationController.php, line 460]
Trace:
ApplicationController::getRequestId() - APP/Controller/ApplicationController.php, line 460
ApplicationController::beforeFilter() - APP/Controller/ApplicationController.php, line 47
call_user_func - [internal], line ??
CakeEventManager::dispatch() - CORE/Cake/Event/CakeEventManager.php, line 243
Controller::startupProcess() - CORE/Cake/Controller/Controller.php, line 676
Dispatcher::_invoke() - CORE/Cake/Routing/Dispatcher.php, line 189
Dispatcher::dispatch() - CORE/Cake/Routing/Dispatcher.php, line 167
[main] - APP/webroot/index.php, line 118

2016-08-10 12:24:05 Notice: Notice (8): Undefined offset: 1 in [/var/www/html/sites/peerkeyloan.com/app/Controller/ApplicationController.php, line 460]
Trace:
ApplicationController::getRequestId() - APP/Controller/ApplicationController.php, line 460
ApplicationController::beforeFilter() - APP/Controller/ApplicationController.php, line 47
call_user_func - [internal], line ??
CakeEventManager::dispatch() - CORE/Cake/Event/CakeEventManager.php, line 243
Controller::startupProcess() - CORE/Cake/Controller/Controller.php, line 676
Dispatcher::_invoke() - CORE/Cake/Routing/Dispatcher.php, line 189
Dispatcher::dispatch() - CORE/Cake/Routing/Dispatcher.php, line 167
[main] - APP/webroot/index.php, line 118

2016-08-10 12:24:06 Notice: Notice (8): Undefined offset: 1 in [/var/www/html/sites/peerkeyloan.com/app/Controller/ApplicationController.php, line 460]
Trace:
ApplicationController::getRequestId() - APP/Controller/ApplicationController.php, line 460
ApplicationController::beforeFilter() - APP/Controller/ApplicationController.php, line 47
call_user_func - [internal], line ??
CakeEventManager::dispatch() - CORE/Cake/Event/CakeEventManager.php, line 243
Controller::startupProcess() - CORE/Cake/Controller/Controller.php, line 676
Dispatcher::_invoke() - CORE/Cake/Routing/Dispatcher.php, line 189
Dispatcher::dispatch() - CORE/Cake/Routing/Dispatcher.php, line 167
[main] - APP/webroot/index.php, line 118

2016-08-10 12:24:08 Notice: Notice (8): Undefined offset: 1 in [/var/www/html/sites/peerkeyloan.com/app/Controller/ApplicationController.php, line 460]
Trace:
ApplicationController::getRequestId() - APP/Controller/ApplicationController.php, line 460
ApplicationController::beforeFilter() - APP/Controller/ApplicationController.php, line 47
call_user_func - [internal], line ??
CakeEventManager::dispatch() - CORE/Cake/Event/CakeEventManager.php, line 243
Controller::startupProcess() - CORE/Cake/Controller/Controller.php, line 676
Dispatcher::_invoke() - CORE/Cake/Routing/Dispatcher.php, line 189
Dispatcher::dispatch() - CORE/Cake/Routing/Dispatcher.php, line 167
[main] - APP/webroot/index.php, line 118

2016-08-10 12:24:09 Notice: Notice (8): Undefined offset: 1 in [/var/www/html/sites/peerkeyloan.com/app/Controller/ApplicationController.php, line 460]
Trace:
ApplicationController::getRequestId() - APP/Controller/ApplicationController.php, line 460
ApplicationController::beforeFilter() - APP/Controller/ApplicationController.php, line 47
call_user_func - [internal], line ??
CakeEventManager::dispatch() - CORE/Cake/Event/CakeEventManager.php, line 243
Controller::startupProcess() - CORE/Cake/Controller/Controller.php, line 676
Dispatcher::_invoke() - CORE/Cake/Routing/Dispatcher.php, line 189
Dispatcher::dispatch() - CORE/Cake/Routing/Dispatcher.php, line 167
[main] - APP/webroot/index.php, line 118

2016-08-10 12:24:10 Notice: Notice (8): Undefined offset: 1 in [/var/www/html/sites/peerkeyloan.com/app/Controller/ApplicationController.php, line 460]
Trace:
ApplicationController::getRequestId() - APP/Controller/ApplicationController.php, line 460
ApplicationController::beforeFilter() - APP/Controller/ApplicationController.php, line 47
call_user_func - [internal], line ??
CakeEventManager::dispatch() - CORE/Cake/Event/CakeEventManager.php, line 243
Controller::startupProcess() - CORE/Cake/Controller/Controller.php, line 676
Dispatcher::_invoke() - CORE/Cake/Routing/Dispatcher.php, line 189
Dispatcher::dispatch() - CORE/Cake/Routing/Dispatcher.php, line 167
[main] - APP/webroot/index.php, line 118

2016-08-10 12:24:11 Notice: Notice (8): Undefined offset: 1 in [/var/www/html/sites/peerkeyloan.com/app/Controller/ApplicationController.php, line 460]
Trace:
ApplicationController::getRequestId() - APP/Controller/ApplicationController.php, line 460
ApplicationController::beforeFilter() - APP/Controller/ApplicationController.php, line 47
call_user_func - [internal], line ??
CakeEventManager::dispatch() - CORE/Cake/Event/CakeEventManager.php, line 243
Controller::startupProcess() - CORE/Cake/Controller/Controller.php, line 676
Dispatcher::_invoke() - CORE/Cake/Routing/Dispatcher.php, line 189
Dispatcher::dispatch() - CORE/Cake/Routing/Dispatcher.php, line 167
[main] - APP/webroot/index.php, line 118

2016-08-10 12:24:11 Notice: Notice (8): Undefined offset: 1 in [/var/www/html/sites/peerkeyloan.com/app/Controller/ApplicationController.php, line 460]
Trace:
ApplicationController::getRequestId() - APP/Controller/ApplicationController.php, line 460
ApplicationController::beforeFilter() - APP/Controller/ApplicationController.php, line 47
call_user_func - [internal], line ??
CakeEventManager::dispatch() - CORE/Cake/Event/CakeEventManager.php, line 243
Controller::startupProcess() - CORE/Cake/Controller/Controller.php, line 676
Dispatcher::_invoke() - CORE/Cake/Routing/Dispatcher.php, line 189
Dispatcher::dispatch() - CORE/Cake/Routing/Dispatcher.php, line 167
[main] - APP/webroot/index.php, line 118

2016-08-10 12:24:12 Notice: Notice (8): Undefined offset: 1 in [/var/www/html/sites/peerkeyloan.com/app/Controller/ApplicationController.php, line 460]
Trace:
ApplicationController::getRequestId() - APP/Controller/ApplicationController.php, line 460
ApplicationController::beforeFilter() - APP/Controller/ApplicationController.php, line 47
call_user_func - [internal], line ??
CakeEventManager::dispatch() - CORE/Cake/Event/CakeEventManager.php, line 243
Controller::startupProcess() - CORE/Cake/Controller/Controller.php, line 676
Dispatcher::_invoke() - CORE/Cake/Routing/Dispatcher.php, line 189
Dispatcher::dispatch() - CORE/Cake/Routing/Dispatcher.php, line 167
[main] - APP/webroot/index.php, line 118

2016-08-10 12:24:13 Notice: Notice (8): Undefined offset: 1 in [/var/www/html/sites/peerkeyloan.com/app/Controller/ApplicationController.php, line 460]
Trace:
ApplicationController::getRequestId() - APP/Controller/ApplicationController.php, line 460
ApplicationController::beforeFilter() - APP/Controller/ApplicationController.php, line 47
call_user_func - [internal], line ??
CakeEventManager::dispatch() - CORE/Cake/Event/CakeEventManager.php, line 243
Controller::startupProcess() - CORE/Cake/Controller/Controller.php, line 676
Dispatcher::_invoke() - CORE/Cake/Routing/Dispatcher.php, line 189
Dispatcher::dispatch() - CORE/Cake/Routing/Dispatcher.php, line 167
[main] - APP/webroot/index.php, line 118

2016-08-10 12:24:13 Notice: Notice (8): Undefined offset: 1 in [/var/www/html/sites/peerkeyloan.com/app/Controller/ApplicationController.php, line 460]
Trace:
ApplicationController::getRequestId() - APP/Controller/ApplicationController.php, line 460
ApplicationController::beforeFilter() - APP/Controller/ApplicationController.php, line 47
call_user_func - [internal], line ??
CakeEventManager::dispatch() - CORE/Cake/Event/CakeEventManager.php, line 243
Controller::startupProcess() - CORE/Cake/Controller/Controller.php, line 676
Dispatcher::_invoke() - CORE/Cake/Routing/Dispatcher.php, line 189
Dispatcher::dispatch() - CORE/Cake/Routing/Dispatcher.php, line 167
[main] - APP/webroot/index.php, line 118

2016-08-10 12:24:14 Notice: Notice (8): Undefined offset: 1 in [/var/www/html/sites/peerkeyloan.com/app/Controller/ApplicationController.php, line 460]
Trace:
ApplicationController::getRequestId() - APP/Controller/ApplicationController.php, line 460
ApplicationController::beforeFilter() - APP/Controller/ApplicationController.php, line 47
call_user_func - [internal], line ??
CakeEventManager::dispatch() - CORE/Cake/Event/CakeEventManager.php, line 243
Controller::startupProcess() - CORE/Cake/Controller/Controller.php, line 676
Dispatcher::_invoke() - CORE/Cake/Routing/Dispatcher.php, line 189
Dispatcher::dispatch() - CORE/Cake/Routing/Dispatcher.php, line 167
[main] - APP/webroot/index.php, line 118

2016-08-10 12:24:14 Notice: Notice (8): Undefined offset: 1 in [/var/www/html/sites/peerkeyloan.com/app/Controller/ApplicationController.php, line 460]
Trace:
ApplicationController::getRequestId() - APP/Controller/ApplicationController.php, line 460
ApplicationController::beforeFilter() - APP/Controller/ApplicationController.php, line 47
call_user_func - [internal], line ??
CakeEventManager::dispatch() - CORE/Cake/Event/CakeEventManager.php, line 243
Controller::startupProcess() - CORE/Cake/Controller/Controller.php, line 676
Dispatcher::_invoke() - CORE/Cake/Routing/Dispatcher.php, line 189
Dispatcher::dispatch() - CORE/Cake/Routing/Dispatcher.php, line 167
[main] - APP/webroot/index.php, line 118

2016-08-10 12:24:18 Notice: Notice (8): Undefined offset: 1 in [/var/www/html/sites/peerkeyloan.com/app/Controller/ApplicationController.php, line 460]
Trace:
ApplicationController::getRequestId() - APP/Controller/ApplicationController.php, line 460
ApplicationController::beforeFilter() - APP/Controller/ApplicationController.php, line 47
call_user_func - [internal], line ??
CakeEventManager::dispatch() - CORE/Cake/Event/CakeEventManager.php, line 243
Controller::startupProcess() - CORE/Cake/Controller/Controller.php, line 676
Dispatcher::_invoke() - CORE/Cake/Routing/Dispatcher.php, line 189
Dispatcher::dispatch() - CORE/Cake/Routing/Dispatcher.php, line 167
[main] - APP/webroot/index.php, line 118

2016-08-10 12:24:19 Notice: Notice (8): Undefined offset: 1 in [/var/www/html/sites/peerkeyloan.com/app/Controller/ApplicationController.php, line 460]
Trace:
ApplicationController::getRequestId() - APP/Controller/ApplicationController.php, line 460
ApplicationController::beforeFilter() - APP/Controller/ApplicationController.php, line 47
call_user_func - [internal], line ??
CakeEventManager::dispatch() - CORE/Cake/Event/CakeEventManager.php, line 243
Controller::startupProcess() - CORE/Cake/Controller/Controller.php, line 676
Dispatcher::_invoke() - CORE/Cake/Routing/Dispatcher.php, line 189
Dispatcher::dispatch() - CORE/Cake/Routing/Dispatcher.php, line 167
[main] - APP/webroot/index.php, line 118

2016-08-10 12:24:19 Notice: Notice (8): Undefined offset: 1 in [/var/www/html/sites/peerkeyloan.com/app/Controller/ApplicationController.php, line 460]
Trace:
ApplicationController::getRequestId() - APP/Controller/ApplicationController.php, line 460
ApplicationController::beforeFilter() - APP/Controller/ApplicationController.php, line 47
call_user_func - [internal], line ??
CakeEventManager::dispatch() - CORE/Cake/Event/CakeEventManager.php, line 243
Controller::startupProcess() - CORE/Cake/Controller/Controller.php, line 676
Dispatcher::_invoke() - CORE/Cake/Routing/Dispatcher.php, line 189
Dispatcher::dispatch() - CORE/Cake/Routing/Dispatcher.php, line 167
[main] - APP/webroot/index.php, line 118

2016-08-10 12:24:20 Notice: Notice (8): Undefined offset: 1 in [/var/www/html/sites/peerkeyloan.com/app/Controller/ApplicationController.php, line 460]
Trace:
ApplicationController::getRequestId() - APP/Controller/ApplicationController.php, line 460
ApplicationController::beforeFilter() - APP/Controller/ApplicationController.php, line 47
call_user_func - [internal], line ??
CakeEventManager::dispatch() - CORE/Cake/Event/CakeEventManager.php, line 243
Controller::startupProcess() - CORE/Cake/Controller/Controller.php, line 676
Dispatcher::_invoke() - CORE/Cake/Routing/Dispatcher.php, line 189
Dispatcher::dispatch() - CORE/Cake/Routing/Dispatcher.php, line 167
[main] - APP/webroot/index.php, line 118

2016-08-10 12:24:46 Notice: Notice (8): Undefined offset: 1 in [/var/www/html/sites/peerkeyloan.com/app/Controller/ApplicationController.php, line 460]
Trace:
ApplicationController::getRequestId() - APP/Controller/ApplicationController.php, line 460
ApplicationController::beforeFilter() - APP/Controller/ApplicationController.php, line 47
call_user_func - [internal], line ??
CakeEventManager::dispatch() - CORE/Cake/Event/CakeEventManager.php, line 243
Controller::startupProcess() - CORE/Cake/Controller/Controller.php, line 676
Dispatcher::_invoke() - CORE/Cake/Routing/Dispatcher.php, line 189
Dispatcher::dispatch() - CORE/Cake/Routing/Dispatcher.php, line 167
[main] - APP/webroot/index.php, line 118

2017-11-07 09:09:25 Notice: Notice (8): Undefined offset: 1 in [/var/www/html/cakephp/clickmedia/peerkeyloan.xyz/app/Controller/ApplicationController.php, line 460]
Trace:
ApplicationController::getRequestId() - APP/Controller/ApplicationController.php, line 460
ApplicationController::beforeFilter() - APP/Controller/ApplicationController.php, line 47
CakeEventManager::dispatch() - CORE/Cake/Event/CakeEventManager.php, line 243
Controller::startupProcess() - CORE/Cake/Controller/Controller.php, line 676
Dispatcher::_invoke() - CORE/Cake/Routing/Dispatcher.php, line 189
Dispatcher::dispatch() - CORE/Cake/Routing/Dispatcher.php, line 167
[main] - APP/webroot/index.php, line 117

2017-11-07 09:10:33 Notice: Notice (8): Undefined offset: 1 in [/var/www/html/cakephp/clickmedia/peerkeyloan.xyz/app/Controller/ApplicationController.php, line 460]
Trace:
ApplicationController::getRequestId() - APP/Controller/ApplicationController.php, line 460
ApplicationController::beforeFilter() - APP/Controller/ApplicationController.php, line 47
CakeEventManager::dispatch() - CORE/Cake/Event/CakeEventManager.php, line 243
Controller::startupProcess() - CORE/Cake/Controller/Controller.php, line 676
Dispatcher::_invoke() - CORE/Cake/Routing/Dispatcher.php, line 189
Dispatcher::dispatch() - CORE/Cake/Routing/Dispatcher.php, line 167
[main] - APP/webroot/index.php, line 117

2018-01-04 04:43:21 Notice: Notice (8): Undefined index: lp_request_id in [/var/www/html/cakephp/clickmedia/peerkeyloan.xyz/app/Controller/AppController.php, line 50]
Trace:
AppController::beforeFilter() - APP/Controller/AppController.php, line 50
CakeEventManager::dispatch() - CORE/Cake/Event/CakeEventManager.php, line 243
Controller::startupProcess() - CORE/Cake/Controller/Controller.php, line 676
Dispatcher::_invoke() - CORE/Cake/Routing/Dispatcher.php, line 189
Dispatcher::dispatch() - CORE/Cake/Routing/Dispatcher.php, line 167
[main] - APP/webroot/index.php, line 117

2018-01-04 04:43:21 Notice: Notice (8): Undefined index: s2 in [/var/www/html/cakephp/clickmedia/peerkeyloan.xyz/app/Controller/AppController.php, line 57]
Trace:
AppController::beforeFilter() - APP/Controller/AppController.php, line 57
CakeEventManager::dispatch() - CORE/Cake/Event/CakeEventManager.php, line 243
Controller::startupProcess() - CORE/Cake/Controller/Controller.php, line 676
Dispatcher::_invoke() - CORE/Cake/Routing/Dispatcher.php, line 189
Dispatcher::dispatch() - CORE/Cake/Routing/Dispatcher.php, line 167
[main] - APP/webroot/index.php, line 117

2018-01-04 04:43:21 Notice: Notice (8): Undefined index: s2 in [/var/www/html/cakephp/clickmedia/peerkeyloan.xyz/app/Controller/AppController.php, line 58]
Trace:
AppController::beforeFilter() - APP/Controller/AppController.php, line 58
CakeEventManager::dispatch() - CORE/Cake/Event/CakeEventManager.php, line 243
Controller::startupProcess() - CORE/Cake/Controller/Controller.php, line 676
Dispatcher::_invoke() - CORE/Cake/Routing/Dispatcher.php, line 189
Dispatcher::dispatch() - CORE/Cake/Routing/Dispatcher.php, line 167
[main] - APP/webroot/index.php, line 117

2018-01-04 04:43:21 Notice: Notice (8): Undefined index: s3 in [/var/www/html/cakephp/clickmedia/peerkeyloan.xyz/app/Controller/AppController.php, line 59]
Trace:
AppController::beforeFilter() - APP/Controller/AppController.php, line 59
CakeEventManager::dispatch() - CORE/Cake/Event/CakeEventManager.php, line 243
Controller::startupProcess() - CORE/Cake/Controller/Controller.php, line 676
Dispatcher::_invoke() - CORE/Cake/Routing/Dispatcher.php, line 189
Dispatcher::dispatch() - CORE/Cake/Routing/Dispatcher.php, line 167
[main] - APP/webroot/index.php, line 117

2018-01-04 04:43:21 Notice: Notice (8): Undefined index: s4 in [/var/www/html/cakephp/clickmedia/peerkeyloan.xyz/app/Controller/AppController.php, line 60]
Trace:
AppController::beforeFilter() - APP/Controller/AppController.php, line 60
CakeEventManager::dispatch() - CORE/Cake/Event/CakeEventManager.php, line 243
Controller::startupProcess() - CORE/Cake/Controller/Controller.php, line 676
Dispatcher::_invoke() - CORE/Cake/Routing/Dispatcher.php, line 189
Dispatcher::dispatch() - CORE/Cake/Routing/Dispatcher.php, line 167
[main] - APP/webroot/index.php, line 117

2018-01-04 04:43:21 Notice: Notice (8): Undefined index: s5 in [/var/www/html/cakephp/clickmedia/peerkeyloan.xyz/app/Controller/AppController.php, line 61]
Trace:
AppController::beforeFilter() - APP/Controller/AppController.php, line 61
CakeEventManager::dispatch() - CORE/Cake/Event/CakeEventManager.php, line 243
Controller::startupProcess() - CORE/Cake/Controller/Controller.php, line 676
Dispatcher::_invoke() - CORE/Cake/Routing/Dispatcher.php, line 189
Dispatcher::dispatch() - CORE/Cake/Routing/Dispatcher.php, line 167
[main] - APP/webroot/index.php, line 117

2018-01-04 04:43:21 Notice: Notice (8): Undefined index: check in [/var/www/html/cakephp/clickmedia/peerkeyloan.xyz/app/Controller/AppController.php, line 63]
Trace:
AppController::beforeFilter() - APP/Controller/AppController.php, line 63
CakeEventManager::dispatch() - CORE/Cake/Event/CakeEventManager.php, line 243
Controller::startupProcess() - CORE/Cake/Controller/Controller.php, line 676
Dispatcher::_invoke() - CORE/Cake/Routing/Dispatcher.php, line 189
Dispatcher::dispatch() - CORE/Cake/Routing/Dispatcher.php, line 167
[main] - APP/webroot/index.php, line 117

2018-01-04 07:01:46 Notice: Notice (8): Undefined index: lp_request_id in [/var/www/html/cakephp/clickmedia/peerkeyloan.xyz/app/Controller/AppController.php, line 50]
Trace:
AppController::beforeFilter() - APP/Controller/AppController.php, line 50
CakeEventManager::dispatch() - CORE/Cake/Event/CakeEventManager.php, line 243
Controller::startupProcess() - CORE/Cake/Controller/Controller.php, line 676
Dispatcher::_invoke() - CORE/Cake/Routing/Dispatcher.php, line 189
Dispatcher::dispatch() - CORE/Cake/Routing/Dispatcher.php, line 167
[main] - APP/webroot/index.php, line 117

2018-01-04 07:01:46 Notice: Notice (8): Undefined index: s2 in [/var/www/html/cakephp/clickmedia/peerkeyloan.xyz/app/Controller/AppController.php, line 57]
Trace:
AppController::beforeFilter() - APP/Controller/AppController.php, line 57
CakeEventManager::dispatch() - CORE/Cake/Event/CakeEventManager.php, line 243
Controller::startupProcess() - CORE/Cake/Controller/Controller.php, line 676
Dispatcher::_invoke() - CORE/Cake/Routing/Dispatcher.php, line 189
Dispatcher::dispatch() - CORE/Cake/Routing/Dispatcher.php, line 167
[main] - APP/webroot/index.php, line 117

2018-01-04 07:01:46 Notice: Notice (8): Undefined index: s2 in [/var/www/html/cakephp/clickmedia/peerkeyloan.xyz/app/Controller/AppController.php, line 58]
Trace:
AppController::beforeFilter() - APP/Controller/AppController.php, line 58
CakeEventManager::dispatch() - CORE/Cake/Event/CakeEventManager.php, line 243
Controller::startupProcess() - CORE/Cake/Controller/Controller.php, line 676
Dispatcher::_invoke() - CORE/Cake/Routing/Dispatcher.php, line 189
Dispatcher::dispatch() - CORE/Cake/Routing/Dispatcher.php, line 167
[main] - APP/webroot/index.php, line 117

2018-01-04 07:01:46 Notice: Notice (8): Undefined index: s3 in [/var/www/html/cakephp/clickmedia/peerkeyloan.xyz/app/Controller/AppController.php, line 59]
Trace:
AppController::beforeFilter() - APP/Controller/AppController.php, line 59
CakeEventManager::dispatch() - CORE/Cake/Event/CakeEventManager.php, line 243
Controller::startupProcess() - CORE/Cake/Controller/Controller.php, line 676
Dispatcher::_invoke() - CORE/Cake/Routing/Dispatcher.php, line 189
Dispatcher::dispatch() - CORE/Cake/Routing/Dispatcher.php, line 167
[main] - APP/webroot/index.php, line 117

2018-01-04 07:01:46 Notice: Notice (8): Undefined index: s4 in [/var/www/html/cakephp/clickmedia/peerkeyloan.xyz/app/Controller/AppController.php, line 60]
Trace:
AppController::beforeFilter() - APP/Controller/AppController.php, line 60
CakeEventManager::dispatch() - CORE/Cake/Event/CakeEventManager.php, line 243
Controller::startupProcess() - CORE/Cake/Controller/Controller.php, line 676
Dispatcher::_invoke() - CORE/Cake/Routing/Dispatcher.php, line 189
Dispatcher::dispatch() - CORE/Cake/Routing/Dispatcher.php, line 167
[main] - APP/webroot/index.php, line 117

2018-01-04 07:01:46 Notice: Notice (8): Undefined index: s5 in [/var/www/html/cakephp/clickmedia/peerkeyloan.xyz/app/Controller/AppController.php, line 61]
Trace:
AppController::beforeFilter() - APP/Controller/AppController.php, line 61
CakeEventManager::dispatch() - CORE/Cake/Event/CakeEventManager.php, line 243
Controller::startupProcess() - CORE/Cake/Controller/Controller.php, line 676
Dispatcher::_invoke() - CORE/Cake/Routing/Dispatcher.php, line 189
Dispatcher::dispatch() - CORE/Cake/Routing/Dispatcher.php, line 167
[main] - APP/webroot/index.php, line 117

2018-01-04 07:01:46 Notice: Notice (8): Undefined index: check in [/var/www/html/cakephp/clickmedia/peerkeyloan.xyz/app/Controller/AppController.php, line 63]
Trace:
AppController::beforeFilter() - APP/Controller/AppController.php, line 63
CakeEventManager::dispatch() - CORE/Cake/Event/CakeEventManager.php, line 243
Controller::startupProcess() - CORE/Cake/Controller/Controller.php, line 676
Dispatcher::_invoke() - CORE/Cake/Routing/Dispatcher.php, line 189
Dispatcher::dispatch() - CORE/Cake/Routing/Dispatcher.php, line 167
[main] - APP/webroot/index.php, line 117

2018-06-19 02:24:02 Notice: Notice (8): Undefined index: lp_request_id in [/var/www/html/cakephp/clickmedia/peerkeyloan.xyz/app/Controller/AppController.php, line 50]
Trace:
AppController::beforeFilter() - APP/Controller/AppController.php, line 50
CakeEventManager::dispatch() - CORE/Cake/Event/CakeEventManager.php, line 243
Controller::startupProcess() - CORE/Cake/Controller/Controller.php, line 676
Dispatcher::_invoke() - CORE/Cake/Routing/Dispatcher.php, line 189
Dispatcher::dispatch() - CORE/Cake/Routing/Dispatcher.php, line 167
[main] - APP/webroot/index.php, line 117

2018-06-19 02:24:02 Notice: Notice (8): Undefined index: s1 in [/var/www/html/cakephp/clickmedia/peerkeyloan.xyz/app/Controller/AppController.php, line 57]
Trace:
AppController::beforeFilter() - APP/Controller/AppController.php, line 57
CakeEventManager::dispatch() - CORE/Cake/Event/CakeEventManager.php, line 243
Controller::startupProcess() - CORE/Cake/Controller/Controller.php, line 676
Dispatcher::_invoke() - CORE/Cake/Routing/Dispatcher.php, line 189
Dispatcher::dispatch() - CORE/Cake/Routing/Dispatcher.php, line 167
[main] - APP/webroot/index.php, line 117

2018-06-19 02:24:02 Notice: Notice (8): Undefined index: s2 in [/var/www/html/cakephp/clickmedia/peerkeyloan.xyz/app/Controller/AppController.php, line 58]
Trace:
AppController::beforeFilter() - APP/Controller/AppController.php, line 58
CakeEventManager::dispatch() - CORE/Cake/Event/CakeEventManager.php, line 243
Controller::startupProcess() - CORE/Cake/Controller/Controller.php, line 676
Dispatcher::_invoke() - CORE/Cake/Routing/Dispatcher.php, line 189
Dispatcher::dispatch() - CORE/Cake/Routing/Dispatcher.php, line 167
[main] - APP/webroot/index.php, line 117

2018-06-19 02:24:02 Notice: Notice (8): Undefined index: s3 in [/var/www/html/cakephp/clickmedia/peerkeyloan.xyz/app/Controller/AppController.php, line 59]
Trace:
AppController::beforeFilter() - APP/Controller/AppController.php, line 59
CakeEventManager::dispatch() - CORE/Cake/Event/CakeEventManager.php, line 243
Controller::startupProcess() - CORE/Cake/Controller/Controller.php, line 676
Dispatcher::_invoke() - CORE/Cake/Routing/Dispatcher.php, line 189
Dispatcher::dispatch() - CORE/Cake/Routing/Dispatcher.php, line 167
[main] - APP/webroot/index.php, line 117

2018-06-19 02:24:02 Notice: Notice (8): Undefined index: s4 in [/var/www/html/cakephp/clickmedia/peerkeyloan.xyz/app/Controller/AppController.php, line 60]
Trace:
AppController::beforeFilter() - APP/Controller/AppController.php, line 60
CakeEventManager::dispatch() - CORE/Cake/Event/CakeEventManager.php, line 243
Controller::startupProcess() - CORE/Cake/Controller/Controller.php, line 676
Dispatcher::_invoke() - CORE/Cake/Routing/Dispatcher.php, line 189
Dispatcher::dispatch() - CORE/Cake/Routing/Dispatcher.php, line 167
[main] - APP/webroot/index.php, line 117

2018-06-19 02:24:02 Notice: Notice (8): Undefined index: s5 in [/var/www/html/cakephp/clickmedia/peerkeyloan.xyz/app/Controller/AppController.php, line 61]
Trace:
AppController::beforeFilter() - APP/Controller/AppController.php, line 61
CakeEventManager::dispatch() - CORE/Cake/Event/CakeEventManager.php, line 243
Controller::startupProcess() - CORE/Cake/Controller/Controller.php, line 676
Dispatcher::_invoke() - CORE/Cake/Routing/Dispatcher.php, line 189
Dispatcher::dispatch() - CORE/Cake/Routing/Dispatcher.php, line 167
[main] - APP/webroot/index.php, line 117

2018-06-19 02:24:02 Notice: Notice (8): Undefined index: check in [/var/www/html/cakephp/clickmedia/peerkeyloan.xyz/app/Controller/AppController.php, line 63]
Trace:
AppController::beforeFilter() - APP/Controller/AppController.php, line 63
CakeEventManager::dispatch() - CORE/Cake/Event/CakeEventManager.php, line 243
Controller::startupProcess() - CORE/Cake/Controller/Controller.php, line 676
Dispatcher::_invoke() - CORE/Cake/Routing/Dispatcher.php, line 189
Dispatcher::dispatch() - CORE/Cake/Routing/Dispatcher.php, line 167
[main] - APP/webroot/index.php, line 117

